<?xml version="1.0" encoding="UTF-8"?>
<!-- Generated by org.testng.reporters.JUnitReportReporter -->
<testsuite hostname="Guru" name="testmaven.Testmaven1" tests="1" failures="0" timestamp="26 Jul 2019 07:14:13 GMT" time="34.416" errors="0">
  <testcase name="f" time="34.416" classname="testmaven.Testmaven1"/>
</testsuite> <!-- testmaven.Testmaven1 -->
