<?xml version="1.0" encoding="UTF-8"?>
<!-- Generated by org.testng.reporters.JUnitReportReporter -->
<testsuite hostname="Guru" name="testmaven.Testmaven1" tests="1" failures="0" timestamp="26 Jul 2019 06:22:08 GMT" time="64.998" errors="0">
  <testcase name="f" time="64.998" classname="testmaven.Testmaven1"/>
</testsuite> <!-- testmaven.Testmaven1 -->
